<?xml version="1.0" encoding="UTF-8"?>
<testsuite xmlns:xsi="http://www.w3.org/2001/XMLSchema-instance" xsi:noNamespaceSchemaLocation="https://maven.apache.org/surefire/maven-surefire-plugin/xsd/surefire-test-report.xsd" name="com.yzl.demo.DemoApplicationTests" time="2.198" tests="5" errors="0" skipped="0" failures="0">
  <properties>
[...]
</properties>
  <testcase name="testMeiTuanGJ" classname="com.yzl.demo.DemoApplicationTests" time="0.141"/>
  <testcase name="upTurnOver" classname="com.yzl.demo.DemoApplicationTests" time="0"/>
  <testcase name="base64Decode" classname="com.yzl.demo.DemoApplicationTests" time="0.016"/>
  <testcase name="base64Encode" classname="com.yzl.demo.DemoApplicationTests" time="0"/>
  <testcase name="contextLoads" classname="com.yzl.demo.DemoApplicationTests" time="0"/>
</testsuite>